  HD_NN.cpp
D:\Users\Alberto\Documents\Programming Languages\C++\Neural Networks\Handwritten Digits\HD_NN\HD_NN\HD_NN.cpp(45,51): warning C4267: 'argument': conversion from 'size_t' to 'int', possible loss of data
D:\Users\Alberto\Documents\Programming Languages\C++\Neural Networks\Handwritten Digits\HD_NN\HD_NN\HD_NN.cpp(46,51): warning C4267: 'argument': conversion from 'size_t' to 'int', possible loss of data
D:\Users\Alberto\Documents\Programming Languages\C++\Neural Networks\Handwritten Digits\HD_NN\HD_NN\HD_NN.cpp(53,79): warning C4267: 'argument': conversion from 'size_t' to '_Tp', possible loss of data
          with
          [
              _Tp=int
          ]
D:\Users\Alberto\Documents\Programming Languages\C++\Neural Networks\Handwritten Digits\HD_NN\HD_NN\HD_NN.cpp(53,106): warning C4267: 'argument': conversion from 'size_t' to 'int', possible loss of data
D:\Users\Alberto\Documents\Programming Languages\C++\Neural Networks\Handwritten Digits\HD_NN\HD_NN\HD_NN.cpp(53,123): warning C4267: 'argument': conversion from 'size_t' to 'int', possible loss of data
D:\Users\Alberto\Documents\Programming Languages\C++\Neural Networks\Handwritten Digits\HD_NN\HD_NN\HD_NN.cpp(53,140): warning C4267: 'argument': conversion from 'size_t' to 'int', possible loss of data
D:\Users\Alberto\Documents\Programming Languages\C++\Neural Networks\Handwritten Digits\HD_NN\HD_NN\HD_NN.cpp(57,90): warning C4267: 'argument': conversion from 'size_t' to '_Tp', possible loss of data
          with
          [
              _Tp=int
          ]
D:\Users\Alberto\Documents\Programming Languages\C++\Neural Networks\Handwritten Digits\HD_NN\HD_NN\HD_NN.cpp(59,90): warning C4267: 'argument': conversion from 'size_t' to '_Tp', possible loss of data
          with
          [
              _Tp=int
          ]
D:\Users\Alberto\Documents\Programming Languages\C++\Neural Networks\Handwritten Digits\HD_NN\HD_NN\HD_NN.cpp(73,12): warning C4267: 'argument': conversion from 'size_t' to 'int', possible loss of data
D:\Users\Alberto\Documents\Programming Languages\C++\Neural Networks\Handwritten Digits\HD_NN\HD_NN\HD_NN.cpp(74,24): warning C4267: 'argument': conversion from 'size_t' to 'int', possible loss of data
D:\Users\Alberto\Documents\Programming Languages\C++\Neural Networks\Handwritten Digits\HD_NN\HD_NN\HD_NN.cpp(75,22): warning C4267: '=': conversion from 'size_t' to 'int', possible loss of data
  HD_NN.vcxproj -> D:\Users\Alberto\Documents\Programming Languages\C++\Neural Networks\Handwritten Digits\HD_NN\x64\Debug\HD_NN.exe
